Arguments: 
  /usr/local/bin/node /opt/homebrew/Cellar/yarn/1.22.19/libexec/bin/yarn.js

PATH: 
  /Users/muazu/.rvm/gems/ruby-2.7.5/bin:/Users/muazu/.rvm/gems/ruby-2.7.5@global/bin:/Users/muazu/.rvm/rubies/ruby-2.7.5/bin:/Users/muazu/.gem/ruby/2.7.5/bin:/opt/homebrew/opt/ruby/bin:/opt/homebrew/bin:/opt/homebrew/sbin:/usr/local/bin:/System/Cryptexes/App/usr/bin:/usr/bin:/bin:/usr/sbin:/sbin:/Library/Apple/usr/bin:/Users/muazu/.rvm/gems/ruby-2.7.5/bin:/Users/muazu/.rvm/gems/ruby-2.7.5@global/bin:/Users/muazu/.rvm/rubies/ruby-2.7.5/bin:/Users/muazu/.gem/ruby/2.7.5/bin:/opt/homebrew/opt/ruby/bin:/opt/homebrew/bin:/opt/homebrew/sbin:/Users/muazu/.rvm/bin:/Users/muazu/Library/Android/sdk/emulator:/Users/muazu/Library/Android/sdk/platform-tools:/Users/muazu/.rvm/bin:/Users/muazu/Library/Android/sdk/emulator:/Users/muazu/Library/Android/sdk/platform-tools:/Users/muazu/.rvm/bin:/Users/muazu/Library/Android/sdk/emulator:/Users/muazu/Library/Android/sdk/platform-tools

Yarn version: 
  1.22.19

Node version: 
  16.17.0

Platform: 
  darwin arm64

Trace: 
  Error: getaddrinfo ENOTFOUND registry.yarnpkg.com
      at GetAddrInfoReqWrap.onlookup [as oncomplete] (node:dns:109:26)

npm manifest: 
  {
    "name": "watsappclone",
    "version": "1.0.0",
    "main": "node_modules/expo/AppEntry.js",
    "scripts": {
      "start": "expo start",
      "android": "expo start --android",
      "ios": "expo start --ios",
      "web": "expo start --web"
    },
    "dependencies": {
      "expo": "~47.0.12",
      "expo-status-bar": "~1.4.2",
      "react": "18.1.0",
      "react-native": "0.70.5"
    },
    "devDependencies": {
      "@babel/core": "^7.12.9"
    },
    "private": true
  }

yarn manifest: 
  No manifest

Lockfile: 
  No lockfile
